This is pdfTeX, Version 3.14159265-2.6-1.40.17 (TeX Live 2016/Debian) (preloaded format=pdflatex 2018.9.26)  12 NOV 2018 15:44
entering extended mode
 restricted \write18 enabled.
 %&-line parsing enabled.
**multidelay.tex
(./multidelay.tex
LaTeX2e <2017/01/01> patch level 3
Babel <3.9r> and hyphenation patterns for 19 language(s) loaded.
(/usr/share/texlive/texmf-dist/tex/latex/base/article.cls
Document Class: article 2014/09/29 v1.4h Standard LaTeX document class
(/usr/share/texlive/texmf-dist/tex/latex/base/size11.clo
File: size11.clo 2014/09/29 v1.4h Standard LaTeX file (size option)
)
\c@part=\count79
\c@section=\count80
\c@subsection=\count81
\c@subsubsection=\count82
\c@paragraph=\count83
\c@subparagraph=\count84
\c@figure=\count85
\c@table=\count86
\abovecaptionskip=\skip41
\belowcaptionskip=\skip42
\bibindent=\dimen102
)
(/usr/share/texlive/texmf-dist/tex/latex/graphics/graphicx.sty
Package: graphicx 2014/10/28 v1.0g Enhanced LaTeX Graphics (DPC,SPQR)

(/usr/share/texlive/texmf-dist/tex/latex/graphics/keyval.sty
Package: keyval 2014/10/28 v1.15 key=value parser (DPC)
\KV@toks@=\toks14
)
(/usr/share/texlive/texmf-dist/tex/latex/graphics/graphics.sty
Package: graphics 2016/10/09 v1.0u Standard LaTeX Graphics (DPC,SPQR)

(/usr/share/texlive/texmf-dist/tex/latex/graphics/trig.sty
Package: trig 2016/01/03 v1.10 sin cos tan (DPC)
)
(/usr/share/texlive/texmf-dist/tex/latex/graphics-cfg/graphics.cfg
File: graphics.cfg 2016/06/04 v1.11 sample graphics configuration
)
Package graphics Info: Driver file: pdftex.def on input line 99.

(/usr/share/texlive/texmf-dist/tex/latex/graphics-def/pdftex.def
File: pdftex.def 2017/01/12 v0.06k Graphics/color for pdfTeX

(/usr/share/texlive/texmf-dist/tex/generic/oberdiek/infwarerr.sty
Package: infwarerr 2016/05/16 v1.4 Providing info/warning/error messages (HO)
)
(/usr/share/texlive/texmf-dist/tex/generic/oberdiek/ltxcmds.sty
Package: ltxcmds 2016/05/16 v1.23 LaTeX kernel commands for general use (HO)
)
\Gread@gobject=\count87
))
\Gin@req@height=\dimen103
\Gin@req@width=\dimen104
)
(/usr/share/texlive/texmf-dist/tex/latex/amsfonts/amssymb.sty
Package: amssymb 2013/01/14 v3.01 AMS font symbols

(/usr/share/texlive/texmf-dist/tex/latex/amsfonts/amsfonts.sty
Package: amsfonts 2013/01/14 v3.01 Basic AMSFonts support
\@emptytoks=\toks15
\symAMSa=\mathgroup4
\symAMSb=\mathgroup5
LaTeX Font Info:    Overwriting math alphabet `\mathfrak' in version `bold'
(Font)                  U/euf/m/n --> U/euf/b/n on input line 106.
))
(/usr/share/texlive/texmf-dist/tex/latex/amsmath/amsmath.sty
Package: amsmath 2016/11/05 v2.16a AMS math features
\@mathmargin=\skip43

For additional information on amsmath, use the `?' option.
(/usr/share/texlive/texmf-dist/tex/latex/amsmath/amstext.sty
Package: amstext 2000/06/29 v2.01 AMS text

(/usr/share/texlive/texmf-dist/tex/latex/amsmath/amsgen.sty
File: amsgen.sty 1999/11/30 v2.0 generic functions
\@emptytoks=\toks16
\ex@=\dimen105
))
(/usr/share/texlive/texmf-dist/tex/latex/amsmath/amsbsy.sty
Package: amsbsy 1999/11/29 v1.2d Bold Symbols
\pmbraise@=\dimen106
)
(/usr/share/texlive/texmf-dist/tex/latex/amsmath/amsopn.sty
Package: amsopn 2016/03/08 v2.02 operator names
)
\inf@bad=\count88
LaTeX Info: Redefining \frac on input line 213.
\uproot@=\count89
\leftroot@=\count90
LaTeX Info: Redefining \overline on input line 375.
\classnum@=\count91
\DOTSCASE@=\count92
LaTeX Info: Redefining \ldots on input line 472.
LaTeX Info: Redefining \dots on input line 475.
LaTeX Info: Redefining \cdots on input line 596.
\Mathstrutbox@=\box26
\strutbox@=\box27
\big@size=\dimen107
LaTeX Font Info:    Redeclaring font encoding OML on input line 712.
LaTeX Font Info:    Redeclaring font encoding OMS on input line 713.
\macc@depth=\count93
\c@MaxMatrixCols=\count94
\dotsspace@=\muskip10
\c@parentequation=\count95
\dspbrk@lvl=\count96
\tag@help=\toks17
\row@=\count97
\column@=\count98
\maxfields@=\count99
\andhelp@=\toks18
\eqnshift@=\dimen108
\alignsep@=\dimen109
\tagshift@=\dimen110
\tagwidth@=\dimen111
\totwidth@=\dimen112
\lineht@=\dimen113
\@envbody=\toks19
\multlinegap=\skip44
\multlinetaggap=\skip45
\mathdisplay@stack=\toks20
LaTeX Info: Redefining \[ on input line 2817.
LaTeX Info: Redefining \] on input line 2818.
)
(/usr/share/texlive/texmf-dist/tex/latex/mathtools/mathtools.sty
Package: mathtools 2015/11/12 v1.18 mathematical typesetting tools

(/usr/share/texlive/texmf-dist/tex/latex/tools/calc.sty
Package: calc 2014/10/28 v4.3 Infix arithmetic (KKT,FJ)
\calc@Acount=\count100
\calc@Bcount=\count101
\calc@Adimen=\dimen114
\calc@Bdimen=\dimen115
\calc@Askip=\skip46
\calc@Bskip=\skip47
LaTeX Info: Redefining \setlength on input line 80.
LaTeX Info: Redefining \addtolength on input line 81.
\calc@Ccount=\count102
\calc@Cskip=\skip48
)
(/usr/share/texlive/texmf-dist/tex/latex/mathtools/mhsetup.sty
Package: mhsetup 2010/01/21 v1.2a programming setup (MH)
)
LaTeX Info: Thecontrolsequence`\('isalreadyrobust on input line 129.
LaTeX Info: Thecontrolsequence`\)'isalreadyrobust on input line 129.
LaTeX Info: Thecontrolsequence`\['isalreadyrobust on input line 129.
LaTeX Info: Thecontrolsequence`\]'isalreadyrobust on input line 129.
\g_MT_multlinerow_int=\count103
\l_MT_multwidth_dim=\dimen116
\origjot=\skip49
\l_MT_shortvdotswithinadjustabove_dim=\dimen117
\l_MT_shortvdotswithinadjustbelow_dim=\dimen118
\l_MT_above_intertext_sep=\dimen119
\l_MT_below_intertext_sep=\dimen120
\l_MT_above_shortintertext_sep=\dimen121
\l_MT_below_shortintertext_sep=\dimen122
)
(/usr/share/texlive/texmf-dist/tex/latex/wrapfig/wrapfig.sty
\wrapoverhang=\dimen123
\WF@size=\dimen124
\c@WF@wrappedlines=\count104
\WF@box=\box28
\WF@everypar=\toks21
Package: wrapfig 2003/01/31  v 3.6
)
(/usr/share/texlive/texmf-dist/tex/latex/doublestroke/dsfont.sty
Package: dsfont 1995/08/01 v0.1 Double stroke roman fonts
)
(/usr/share/texlive/texmf-dist/tex/latex/lipsum/lipsum.sty
Package: lipsum 2014/07/27 v1.3 150 paragraphs of Lorem Ipsum dummy text
\c@lips@count=\count105
)
(/usr/share/texlive/texmf-dist/tex/latex/float/float.sty
Package: float 2001/11/08 v1.3d Float enhancements (AL)
\c@float@type=\count106
\float@exts=\toks22
\float@box=\box29
\@float@everytoks=\toks23
\@floatcapt=\box30
)
(/usr/share/texlive/texmf-dist/tex/latex/graphics/color.sty
Package: color 2016/07/10 v1.1e Standard LaTeX Color (DPC)

(/usr/share/texlive/texmf-dist/tex/latex/graphics-cfg/color.cfg
File: color.cfg 2016/01/02 v1.6 sample color configuration
)
Package color Info: Driver file: pdftex.def on input line 147.
)
(/usr/share/texlive/texmf-dist/tex/latex/hyperref/hyperref.sty
Package: hyperref 2016/06/24 v6.83q Hypertext links for LaTeX

(/usr/share/texlive/texmf-dist/tex/generic/oberdiek/hobsub-hyperref.sty
Package: hobsub-hyperref 2016/05/16 v1.14 Bundle oberdiek, subset hyperref (HO)


(/usr/share/texlive/texmf-dist/tex/generic/oberdiek/hobsub-generic.sty
Package: hobsub-generic 2016/05/16 v1.14 Bundle oberdiek, subset generic (HO)
Package: hobsub 2016/05/16 v1.14 Construct package bundles (HO)
Package hobsub Info: Skipping package `infwarerr' (already loaded).
Package hobsub Info: Skipping package `ltxcmds' (already loaded).
Package: ifluatex 2016/05/16 v1.4 Provides the ifluatex switch (HO)
Package ifluatex Info: LuaTeX not detected.
Package: ifvtex 2016/05/16 v1.6 Detect VTeX and its facilities (HO)
Package ifvtex Info: VTeX not detected.
Package: intcalc 2016/05/16 v1.2 Expandable calculations with integers (HO)
Package: ifpdf 2016/05/14 v3.1 Provides the ifpdf switch
Package: etexcmds 2016/05/16 v1.6 Avoid name clashes with e-TeX commands (HO)
Package etexcmds Info: Could not find \expanded.
(etexcmds)             That can mean that you are not using pdfTeX 1.50 or
(etexcmds)             that some package has redefined \expanded.
(etexcmds)             In the latter case, load this package earlier.
Package: kvsetkeys 2016/05/16 v1.17 Key value parser (HO)
Package: kvdefinekeys 2016/05/16 v1.4 Define keys (HO)
Package: pdftexcmds 2016/05/21 v0.22 Utility functions of pdfTeX for LuaTeX (HO
)
Package pdftexcmds Info: LuaTeX not detected.
Package pdftexcmds Info: \pdf@primitive is available.
Package pdftexcmds Info: \pdf@ifprimitive is available.
Package pdftexcmds Info: \pdfdraftmode found.
Package: pdfescape 2016/05/16 v1.14 Implements pdfTeX's escape features (HO)
Package: bigintcalc 2016/05/16 v1.4 Expandable calculations on big integers (HO
)
Package: bitset 2016/05/16 v1.2 Handle bit-vector datatype (HO)
Package: uniquecounter 2016/05/16 v1.3 Provide unlimited unique counter (HO)
)
Package hobsub Info: Skipping package `hobsub' (already loaded).
Package: letltxmacro 2016/05/16 v1.5 Let assignment for LaTeX macros (HO)
Package: hopatch 2016/05/16 v1.3 Wrapper for package hooks (HO)
Package: xcolor-patch 2016/05/16 xcolor patch
Package: atveryend 2016/05/16 v1.9 Hooks at the very end of document (HO)
Package atveryend Info: \enddocument detected (standard20110627).
Package: atbegshi 2016/06/09 v1.18 At begin shipout hook (HO)
Package: refcount 2016/05/16 v3.5 Data extraction from label references (HO)
Package: hycolor 2016/05/16 v1.8 Color options for hyperref/bookmark (HO)
)
(/usr/share/texlive/texmf-dist/tex/generic/ifxetex/ifxetex.sty
Package: ifxetex 2010/09/12 v0.6 Provides ifxetex conditional
)
(/usr/share/texlive/texmf-dist/tex/latex/oberdiek/auxhook.sty
Package: auxhook 2016/05/16 v1.4 Hooks for auxiliary files (HO)
)
(/usr/share/texlive/texmf-dist/tex/latex/oberdiek/kvoptions.sty
Package: kvoptions 2016/05/16 v3.12 Key value format for package options (HO)
)
\@linkdim=\dimen125
\Hy@linkcounter=\count107
\Hy@pagecounter=\count108

(/usr/share/texlive/texmf-dist/tex/latex/hyperref/pd1enc.def
File: pd1enc.def 2016/06/24 v6.83q Hyperref: PDFDocEncoding definition (HO)
)
\Hy@SavedSpaceFactor=\count109

(/usr/share/texlive/texmf-dist/tex/latex/latexconfig/hyperref.cfg
File: hyperref.cfg 2002/06/06 v1.2 hyperref configuration of TeXLive
)
Package hyperref Info: Hyper figures OFF on input line 4486.
Package hyperref Info: Link nesting OFF on input line 4491.
Package hyperref Info: Hyper index ON on input line 4494.
Package hyperref Info: Plain pages OFF on input line 4501.
Package hyperref Info: Backreferencing OFF on input line 4506.
Package hyperref Info: Implicit mode ON; LaTeX internals redefined.
Package hyperref Info: Bookmarks ON on input line 4735.
\c@Hy@tempcnt=\count110

(/usr/share/texlive/texmf-dist/tex/latex/url/url.sty
\Urlmuskip=\muskip11
Package: url 2013/09/16  ver 3.4  Verb mode for urls, etc.
)
LaTeX Info: Redefining \url on input line 5088.
\XeTeXLinkMargin=\dimen126
\Fld@menulength=\count111
\Field@Width=\dimen127
\Fld@charsize=\dimen128
Package hyperref Info: Hyper figures OFF on input line 6342.
Package hyperref Info: Link nesting OFF on input line 6347.
Package hyperref Info: Hyper index ON on input line 6350.
Package hyperref Info: backreferencing OFF on input line 6357.
Package hyperref Info: Link coloring OFF on input line 6362.
Package hyperref Info: Link coloring with OCG OFF on input line 6367.
Package hyperref Info: PDF/A mode OFF on input line 6372.
LaTeX Info: Redefining \ref on input line 6412.
LaTeX Info: Redefining \pageref on input line 6416.
\Hy@abspage=\count112
\c@Item=\count113
\c@Hfootnote=\count114
)

Package hyperref Message: Driver (autodetected): hpdftex.

(/usr/share/texlive/texmf-dist/tex/latex/hyperref/hpdftex.def
File: hpdftex.def 2016/06/24 v6.83q Hyperref driver for pdfTeX
\Fld@listcount=\count115
\c@bookmark@seq@number=\count116

(/usr/share/texlive/texmf-dist/tex/latex/oberdiek/rerunfilecheck.sty
Package: rerunfilecheck 2016/05/16 v1.8 Rerun checks for auxiliary files (HO)
Package uniquecounter Info: New unique counter `rerunfilecheck' on input line 2
82.
)
\Hy@SectionHShift=\skip50
)
(./multidelay.aux

LaTeX Warning: Label `fig:shortgam1_prev' multiply defined.


LaTeX Warning: Label `fig:strong_cavtls' multiply defined.


LaTeX Warning: Label `fig:strong_cavtls' multiply defined.


LaTeX Warning: Label `fig:strong_cavtls' multiply defined.


LaTeX Warning: Label `fig:strong_cavtls' multiply defined.


LaTeX Warning: Label `fig:strong_cavtls' multiply defined.


LaTeX Warning: Label `fig:strong_cavtls' multiply defined.


LaTeX Warning: Label `fig:strong_cavtls' multiply defined.


LaTeX Warning: Label `fig:strong_cavtls' multiply defined.

)
\openout1 = `multidelay.aux'.

LaTeX Font Info:    Checking defaults for OML/cmm/m/it on input line 77.
LaTeX Font Info:    ... okay on input line 77.
LaTeX Font Info:    Checking defaults for T1/cmr/m/n on input line 77.
LaTeX Font Info:    ... okay on input line 77.
LaTeX Font Info:    Checking defaults for OT1/cmr/m/n on input line 77.
LaTeX Font Info:    ... okay on input line 77.
LaTeX Font Info:    Checking defaults for OMS/cmsy/m/n on input line 77.
LaTeX Font Info:    ... okay on input line 77.
LaTeX Font Info:    Checking defaults for OMX/cmex/m/n on input line 77.
LaTeX Font Info:    ... okay on input line 77.
LaTeX Font Info:    Checking defaults for U/cmr/m/n on input line 77.
LaTeX Font Info:    ... okay on input line 77.
LaTeX Font Info:    Checking defaults for PD1/pdf/m/n on input line 77.
LaTeX Font Info:    ... okay on input line 77.
 (/usr/share/texlive/texmf-dist/tex/context/base/mkii/supp-pdf.mkii
[Loading MPS to PDF converter (version 2006.09.02).]
\scratchcounter=\count117
\scratchdimen=\dimen129
\scratchbox=\box31
\nofMPsegments=\count118
\nofMParguments=\count119
\everyMPshowfont=\toks24
\MPscratchCnt=\count120
\MPscratchDim=\dimen130
\MPnumerator=\count121
\makeMPintoPDFobject=\count122
\everyMPtoPDFconversion=\toks25
) (/usr/share/texlive/texmf-dist/tex/latex/oberdiek/epstopdf-base.sty
Package: epstopdf-base 2016/05/15 v2.6 Base part for package epstopdf

(/usr/share/texlive/texmf-dist/tex/latex/oberdiek/grfext.sty
Package: grfext 2016/05/16 v1.2 Manage graphics extensions (HO)
)
Package epstopdf-base Info: Redefining graphics rule for `.eps' on input line 4
38.
Package grfext Info: Graphics extension search list:
(grfext)             [.png,.pdf,.jpg,.mps,.jpeg,.jbig2,.jb2,.PNG,.PDF,.JPG,.JPE
G,.JBIG2,.JB2,.eps]
(grfext)             \AppendGraphicsExtensions on input line 456.

(/usr/share/texlive/texmf-dist/tex/latex/latexconfig/epstopdf-sys.cfg
File: epstopdf-sys.cfg 2010/07/13 v1.3 Configuration of (r)epstopdf for TeX Liv
e
))
\AtBeginShipoutBox=\box32
Package hyperref Info: Link coloring OFF on input line 77.

(/usr/share/texlive/texmf-dist/tex/latex/hyperref/nameref.sty
Package: nameref 2016/05/21 v2.44 Cross-referencing by name of section

(/usr/share/texlive/texmf-dist/tex/generic/oberdiek/gettitlestring.sty
Package: gettitlestring 2016/05/16 v1.5 Cleanup title references (HO)
)
\c@section@level=\count123
)
LaTeX Info: Redefining \ref on input line 77.
LaTeX Info: Redefining \pageref on input line 77.
LaTeX Info: Redefining \nameref on input line 77.

(./multidelay.out) (./multidelay.out)
\@outlinefile=\write3
\openout3 = `multidelay.out'.

LaTeX Font Info:    Try loading font information for U+msa on input line 79.

(/usr/share/texlive/texmf-dist/tex/latex/amsfonts/umsa.fd
File: umsa.fd 2013/01/14 v3.01 AMS symbols A
)
LaTeX Font Info:    Try loading font information for U+msb on input line 79.

(/usr/share/texlive/texmf-dist/tex/latex/amsfonts/umsb.fd
File: umsb.fd 2013/01/14 v3.01 AMS symbols B
)
<Setup.png, id=61, 975.4041pt x 475.0548pt>
File: Setup.png Graphic file (type png)
 <use Setup.png>
Package pdftex.def Info: Setup.png used on input line 85.
(pdftex.def)             Requested size: 211.3883pt x 102.95389pt.
 [1

{/var/lib/texmf/fonts/map/pdftex/updmap/pdftex.map} <./Setup.png>] [2] [3]

Package hyperref Warning: Token not allowed in a PDF string (PDFDocEncoding):
(hyperref)                removing `math shift' on input line 184.


Package hyperref Warning: Token not allowed in a PDF string (PDFDocEncoding):
(hyperref)                removing `\tau' on input line 184.


Package hyperref Warning: Token not allowed in a PDF string (PDFDocEncoding):
(hyperref)                removing `math shift' on input line 184.

[4]

Package hyperref Warning: Token not allowed in a PDF string (PDFDocEncoding):
(hyperref)                removing `\@ifnextchar' on input line 213.

<shorttime_kap=2,gam=1,tau=2pi.png, id=129, 1315.7958pt x 284.5029pt>
File: shorttime_kap=2,gam=1,tau=2pi.png Graphic file (type png)

<use shorttime_kap=2,gam=1,tau=2pi.png>
Package pdftex.def Info: shorttime_kap=2,gam=1,tau=2pi.png used on input line 2
20.
(pdftex.def)             Requested size: 493.24417pt x 106.64925pt.

Overfull \hbox (23.48918pt too wide) in paragraph at lines 220--222
 [][] 
 []

<longtime_kap=2,gam=1,tau=2pi.png, id=132, 1315.7958pt x 284.5029pt>
File: longtime_kap=2,gam=1,tau=2pi.png Graphic file (type png)

<use longtime_kap=2,gam=1,tau=2pi.png>
Package pdftex.def Info: longtime_kap=2,gam=1,tau=2pi.png used on input line 22
9.
(pdftex.def)             Requested size: 493.24417pt x 106.64925pt.

Overfull \hbox (23.48918pt too wide) in paragraph at lines 229--231
 [][] 
 []

<longtime_kap=2,gam=40,tau=2pip40.png, id=135, 1315.7958pt x 284.5029pt>
File: longtime_kap=2,gam=40,tau=2pip40.png Graphic file (type png)

<use longtime_kap=2,gam=40,tau=2pip40.png>
Package pdftex.def Info: longtime_kap=2,gam=40,tau=2pip40.png used on input lin
e 242.
(pdftex.def)             Requested size: 493.24417pt x 106.64925pt.

Overfull \hbox (23.48918pt too wide) in paragraph at lines 242--244
 [][] 
 []


LaTeX Warning: `!h' float specifier changed to `!ht'.

[5 <./shorttime_kap=2,gam=1,tau=2pi.png> <./longtime_kap=2,gam=1,tau=2pi.png>]
<cav_num,ana.png, id=148, 830.10126pt x 541.02126pt>
File: cav_num,ana.png Graphic file (type png)
 <use cav_num,ana.png>
Package pdftex.def Info: cav_num,ana.png used on input line 262.
(pdftex.def)             Requested size: 267.76378pt x 174.50897pt.

<longtime_kap=2,gam=1,tau=pip3.png, id=152, 1315.7958pt x 284.5029pt>
File: longtime_kap=2,gam=1,tau=pip3.png Graphic file (type png)

<use longtime_kap=2,gam=1,tau=pip3.png>
Package pdftex.def Info: longtime_kap=2,gam=1,tau=pip3.png used on input line 2
73.
(pdftex.def)             Requested size: 493.24417pt x 106.64925pt.

Overfull \hbox (23.48918pt too wide) in paragraph at lines 273--275
 [][] 
 []

[6 <./longtime_kap=2,gam=40,tau=2pip40.png> <./cav_num,ana.png> <./longtime_kap
=2,gam=1,tau=pip3.png>]
<longtime_kap=2,gam=40,tau=pip40.png, id=166, 1315.7958pt x 284.5029pt>
File: longtime_kap=2,gam=40,tau=pip40.png Graphic file (type png)

<use longtime_kap=2,gam=40,tau=pip40.png>
Package pdftex.def Info: longtime_kap=2,gam=40,tau=pip40.png used on input line
 286.
(pdftex.def)             Requested size: 493.24417pt x 106.64925pt.

Overfull \hbox (23.48918pt too wide) in paragraph at lines 286--288
 [][] 
 []

<longdelay_gam=kap=1.png, id=169, 853.5087pt x 195.3699pt>
File: longdelay_gam=kap=1.png Graphic file (type png)

<use longdelay_gam=kap=1.png>
Package pdftex.def Info: longdelay_gam=kap=1.png used on input line 299.
(pdftex.def)             Requested size: 469.75499pt x 107.52829pt.

<longdelay_gam=40,kap=1.png, id=172, 853.5087pt x 195.3699pt>
File: longdelay_gam=40,kap=1.png Graphic file (type png)

<use longdelay_gam=40,kap=1.png>
Package pdftex.def Info: longdelay_gam=40,kap=1.png used on input line 309.
(pdftex.def)             Requested size: 469.75499pt x 107.52829pt.

<longdelay_tau=100pi,kap=gam=1.png, id=175, 853.5087pt x 566.115pt>
File: longdelay_tau=100pi,kap=gam=1.png Graphic file (type png)

<use longdelay_tau=100pi,kap=gam=1.png>
Package pdftex.def Info: longdelay_tau=100pi,kap=gam=1.png used on input line 3
21.
(pdftex.def)             Requested size: 375.80542pt x 249.26413pt.


LaTeX Warning: `!h' float specifier changed to `!ht'.

<longdelay_tau=100pi,kap=1,gam=40.png, id=178, 853.5087pt x 567.0786pt>
File: longdelay_tau=100pi,kap=1,gam=40.png Graphic file (type png)

<use longdelay_tau=100pi,kap=1,gam=40.png>
Package pdftex.def Info: longdelay_tau=100pi,kap=1,gam=40.png used on input lin
e 331.
(pdftex.def)             Requested size: 375.80542pt x 249.6884pt.


LaTeX Warning: `!h' float specifier changed to `!ht'.

[7 <./longtime_kap=2,gam=40,tau=pip40.png> <./longdelay_gam=kap=1.png> <./longd
elay_gam=40,kap=1.png>] [8 <./longdelay_tau=100pi,kap=gam=1.png> <./longdelay_t
au=100pi,kap=1,gam=40.png>]
<longtime_kapp=1,kap=2,gam=1,tau=pip3.png, id=196, 853.0269pt x 186.4566pt>
File: longtime_kapp=1,kap=2,gam=1,tau=pip3.png Graphic file (type png)

<use longtime_kapp=1,kap=2,gam=1,tau=pip3.png>
Package pdftex.def Info: longtime_kapp=1,kap=2,gam=1,tau=pip3.png used on input
 line 350.
(pdftex.def)             Requested size: 375.80542pt x 123.2609pt.

<longtime_kapp=1,kap=2,gam=40,tau=pip40.png, id=200, 853.2678pt x 186.9384pt>
File: longtime_kapp=1,kap=2,gam=40,tau=pip40.png Graphic file (type png)

<use longtime_kapp=1,kap=2,gam=40,tau=pip40.png>
Package pdftex.def Info: longtime_kapp=1,kap=2,gam=40,tau=pip40.png used on inp
ut line 360.
(pdftex.def)             Requested size: 375.80542pt x 123.52519pt.
 [9 <./longtime_kapp=1,kap=2,gam=1,tau=pip3.png> <./longtime_kapp=1,kap=2,gam=4
0,tau=pip40.png>]
<Spontem_kap=kap1=gam=1.png, id=219, 876.27374pt x 1773.62625pt>
File: Spontem_kap=kap1=gam=1.png Graphic file (type png)

<use Spontem_kap=kap1=gam=1.png>
Package pdftex.def Info: Spontem_kap=kap1=gam=1.png used on input line 387.
(pdftex.def)             Requested size: 234.87749pt x 475.39432pt.
 [10 <./Spontem_kap=kap1=gam=1.png>]
<Spontem_kap=kap1=1,gam=40.png, id=227, 883.3pt x 1773.62625pt>
File: Spontem_kap=kap1=1,gam=40.png Graphic file (type png)

<use Spontem_kap=kap1=1,gam=40.png>
Package pdftex.def Info: Spontem_kap=kap1=1,gam=40.png used on input line 399.
(pdftex.def)             Requested size: 234.87749pt x 471.60545pt.
Package atveryend Info: Empty hook `BeforeClearDocument' on input line 416.
 [11 <./Spontem_kap=kap1=1,gam=40.png>]
Package atveryend Info: Empty hook `AfterLastShipout' on input line 416.

(./multidelay.aux)
Package atveryend Info: Executing hook `AtVeryEndDocument' on input line 416.
Package atveryend Info: Executing hook `AtEndAfterFileList' on input line 416.
Package rerunfilecheck Info: File `multidelay.out' has not changed.
(rerunfilecheck)             Checksum: D88D5E5DFFFA19EC4DD710E1F792E858;920.


LaTeX Warning: There were multiply-defined labels.

Package atveryend Info: Empty hook `AtVeryVeryEnd' on input line 416.
 ) 
Here is how much of TeX's memory you used:
 7085 strings out of 494402
 103705 string characters out of 6169301
 294673 words of memory out of 5000000
 10364 multiletter control sequences out of 15000+600000
 14115 words of font info for 54 fonts, out of 8000000 for 9000
 286 hyphenation exceptions out of 8191
 28i,17n,32p,943b,341s stack positions out of 5000i,500n,10000p,200000b,80000s
</usr/share/texlive/texmf-dist/fonts/type1/public/amsfonts/cm/cmbx10.pfb></us
r/share/texlive/texmf-dist/fonts/type1/public/amsfonts/cm/cmbx12.pfb></usr/shar
e/texlive/texmf-dist/fonts/type1/public/amsfonts/cm/cmbxti10.pfb></usr/share/te
xlive/texmf-dist/fonts/type1/public/amsfonts/cm/cmex10.pfb></usr/share/texlive/
texmf-dist/fonts/type1/public/amsfonts/cm/cmmi10.pfb></usr/share/texlive/texmf-
dist/fonts/type1/public/amsfonts/cm/cmmi12.pfb></usr/share/texlive/texmf-dist/f
onts/type1/public/amsfonts/cm/cmmi6.pfb></usr/share/texlive/texmf-dist/fonts/ty
pe1/public/amsfonts/cm/cmmi7.pfb></usr/share/texlive/texmf-dist/fonts/type1/pub
lic/amsfonts/cm/cmmi8.pfb></usr/share/texlive/texmf-dist/fonts/type1/public/ams
fonts/cm/cmr10.pfb></usr/share/texlive/texmf-dist/fonts/type1/public/amsfonts/c
m/cmr12.pfb></usr/share/texlive/texmf-dist/fonts/type1/public/amsfonts/cm/cmr17
.pfb></usr/share/texlive/texmf-dist/fonts/type1/public/amsfonts/cm/cmr6.pfb></u
sr/share/texlive/texmf-dist/fonts/type1/public/amsfonts/cm/cmr7.pfb></usr/share
/texlive/texmf-dist/fonts/type1/public/amsfonts/cm/cmr8.pfb></usr/share/texlive
/texmf-dist/fonts/type1/public/amsfonts/cm/cmsy10.pfb></usr/share/texlive/texmf
-dist/fonts/type1/public/amsfonts/cm/cmsy6.pfb></usr/share/texlive/texmf-dist/f
onts/type1/public/amsfonts/cm/cmsy7.pfb></usr/share/texlive/texmf-dist/fonts/ty
pe1/public/amsfonts/cm/cmsy8.pfb></usr/share/texlive/texmf-dist/fonts/type1/pub
lic/amsfonts/symbols/msbm10.pfb>
Output written on multidelay.pdf (11 pages, 8821138 bytes).
PDF statistics:
 318 PDF objects out of 1000 (max. 8388607)
 249 compressed objects within 3 object streams
 68 named destinations out of 1000 (max. 500000)
 200 words of extra memory for PDF output out of 10000 (max. 10000000)

